<?xml version="1.0" encoding="UTF-8"?>
<testng-results skipped="0" failed="0" ignored="0" total="1" passed="1">
  <reporter-output>
  </reporter-output>
  <suite name="Default suite" duration-ms="11890" started-at="2020-12-17T15:36:03 MST" finished-at="2020-12-17T15:36:15 MST">
    <groups>
    </groups>
    <test name="Default test" duration-ms="11890" started-at="2020-12-17T15:36:03 MST" finished-at="2020-12-17T15:36:15 MST">
      <class name="test.AddCustomerTest">
        <test-method status="PASS" signature="userShouldBeAbleToCreateNewCustomer()[pri:0, instance:test.AddCustomerTest@6025e1b6]" name="userShouldBeAbleToCreateNewCustomer" duration-ms="11864" started-at="2020-12-17T15:36:03 MST" finished-at="2020-12-17T15:36:15 MST">
          <reporter-output>
          </reporter-output>
        </test-method> <!-- userShouldBeAbleToCreateNewCustomer -->
      </class> <!-- test.AddCustomerTest -->
    </test> <!-- Default test -->
  </suite> <!-- Default suite -->
</testng-results>
